<?xml version="1.0" encoding="UTF-8"?>
<!-- Generated by org.testng.reporters.JUnitReportReporter -->
<testsuite hostname="LAPTOP-4P7BJE4V" failures="0" tests="2" name="TestNGExecutionTest" time="0.009" errors="0" timestamp="2025-02-12T13:03:59 IST" skipped="0">
  <testcase classname="TestNGExecutionTest" name="test2" time="0.002"/>
  <testcase classname="TestNGExecutionTest" name="test1" time="0.007"/>
</testsuite> <!-- TestNGExecutionTest -->
